RCSTM8 COMPILER V2.32.10.307,  MAIN               06/02/11  11:02:42

QCW(0x009638A0)

RCSTM8 COMPILER V2.32.10.307, COMPILATION OF MODULE MAIN      
OBJECT MODULE PLACED IN MAIN.OBJ
COMPILER INVOKED BY: NOOJ PIN(C:\Program Files\Raisonance\Ride\inc\STM8) PIN(C:\Program Files\Raisonance\Ride\inc\ST7) PIN(C:\Program Files\Raisonance\Ride\inc) DGC(page0) AUTO WRV(0) PR(Debug\main.lst) CD CO SB OT(0) DEBUG STM8(SMALL) GENERATEDEPFILE 

stmt level    source
   1          /* MAIN.C file
   2           * 
   3           * Copyright (c) 2002-2005 STMicroelectronics
   4           */
   5          
   6          
   7          main()
   8          {
   9   1      	while (1);
  10   1      }
*** WARNING C096 IN LINE 10 OF main.c : Function 'main' should return a value

RCSTM8 COMPILER V2.32.10.307
ASSEMBLY LISTING OF GENERATED OBJECT CODE

              ; FUNCTION main (BEGIN)
0000         ?WHILE_0001:
              ; SOURCE LINE # 9 
0000 20FE                              JRA    ?WHILE_0001
0002         ?EPILOG_0000:
0002 81                                RET    

              ; FUNCTION main (END)

RCSTM8 COMPILER V2.32.10.307
NAME                                    CLASS   MSPACE  TYPE    OFFSET  SIZE
====                                    =====   ======  ====    ======  ====

main . . . . . . . . . . . . . . . . .  PUBLIC  CODE    PROC    ------- -----
RCSTM8 COMPILER V2.32.10.307


MODULE INFORMATION:   STATIC OVERLAYABLE
   CODE SIZE        =      3    ----
   CONSTANT SIZE    =   ----    ----
   DATA SIZE        =   ----    ----
   PAGE0 SIZE       =   ----    ----
   BIT SIZE         =   ----    ----
END OF MODULE INFORMATION.

RCSTM8 COMPILATION COMPLETE.  1 WARNING,  0 ERROR
